<?xml version="1.0" encoding="UTF-8"?>
<testsuite name="org.oop.PointTest" tests="4" skipped="0" failures="0" errors="0" timestamp="2021-05-03T01:24:11" hostname="priyajs-MacBook-Pro.local" time="0.019">
  <properties/>
  <testcase name="shouldReturnYWhenGetYIsCalled()" classname="org.oop.PointTest" time="0.014"/>
  <testcase name="shouldReturnXWhenGetXIsCalled()" classname="org.oop.PointTest" time="0.001"/>
  <testcase name="shouldReAssignXWhenSetXIsCalled()" classname="org.oop.PointTest" time="0.0"/>
  <testcase name="shouldReassignYWhenSetYIsCalled()" classname="org.oop.PointTest" time="0.001"/>
  <system-out><![CDATA[]]></system-out>
  <system-err><![CDATA[]]></system-err>
</testsuite>
