<?xml version="1.0" encoding="UTF-8"?>
<testsuite name="org.oop.CircleDistanceAndDirectionCalculatorTest" tests="6" skipped="0" failures="0" errors="0" timestamp="2021-04-30T03:14:39" hostname="priyajs-MBP" time="0.018">
  <properties/>
  <testcase name="twoPointsWithSameXAndYCoordinatesShouldHaveADistanceOfZero()" classname="org.oop.CircleDistanceAndDirectionCalculatorTest" time="0.013"/>
  <testcase name="distanceBetweenOriginAndPointsOnUnitCircleShouldBeOne()" classname="org.oop.CircleDistanceAndDirectionCalculatorTest" time="0.001"/>
  <testcase name="originAndPointOnPostiveXAxisShouldBeZeroRadiansAway()" classname="org.oop.CircleDistanceAndDirectionCalculatorTest" time="0.001"/>
  <testcase name="originAndPointOnNegativeXAxisShouldBePiRadiansAway()" classname="org.oop.CircleDistanceAndDirectionCalculatorTest" time="0.0"/>
  <testcase name="originAndPointOnYAxisShouldBeHalfPiRadiansAway()" classname="org.oop.CircleDistanceAndDirectionCalculatorTest" time="0.001"/>
  <testcase name="distanceBetweenTwoOppositePointsOnUnitCircleShouldBeTwo()" classname="org.oop.CircleDistanceAndDirectionCalculatorTest" time="0.001"/>
  <system-out><![CDATA[]]></system-out>
  <system-err><![CDATA[]]></system-err>
</testsuite>
